<?xml version="1.0" encoding="UTF-8"?>
<testsuite xmlns:xsi="http://www.w3.org/2001/XMLSchema-instance" xsi:noNamespaceSchemaLocation="https://maven.apache.org/surefire/maven-surefire-plugin/xsd/surefire-test-report.xsd" name="SwingGDIApp.src.test.java.net.approachzero.app.SwingGDIAppTest" time="0.018" tests="1" errors="0" skipped="0" failures="0">
  <properties>
    <property name="java.specification.version" value="17"/>
    <property name="sun.jnu.encoding" value="UTF-8"/>
    <property name="java.class.path" value="/home/fraterm/Projects/Java/SwingGraphicsDeviceInfo/SwingGDIApp/target/test-classes:/home/fraterm/Projects/Java/SwingGraphicsDeviceInfo/SwingGDIApp/target/classes:/home/fraterm/.m2/repository/junit/junit/4.11/junit-4.11.jar:/home/fraterm/.m2/repository/org/hamcrest/hamcrest-core/1.3/hamcrest-core-1.3.jar:"/>
    <property name="java.vm.vendor" value="Eclipse Adoptium"/>
    <property name="sun.arch.data.model" value="64"/>
    <property name="java.vendor.url" value="https://adoptium.net/"/>
    <property name="os.name" value="Linux"/>
    <property name="java.vm.specification.version" value="17"/>
    <property name="sun.java.launcher" value="SUN_STANDARD"/>
    <property name="user.country" value="US"/>
    <property name="sun.boot.library.path" value="/home/fraterm/.sdkman/candidates/java/17.0.8-tem/lib"/>
    <property name="sun.java.command" value="/home/fraterm/Projects/Java/SwingGraphicsDeviceInfo/SwingGDIApp/target/surefire/surefirebooter9781185068434278073.jar /home/fraterm/Projects/Java/SwingGraphicsDeviceInfo/SwingGDIApp/target/surefire 2023-10-14T17-57-35_674-jvmRun1 surefire229549399584502962tmp surefire_02915131977406018006tmp"/>
    <property name="jdk.debug" value="release"/>
    <property name="surefire.test.class.path" value="/home/fraterm/Projects/Java/SwingGraphicsDeviceInfo/SwingGDIApp/target/test-classes:/home/fraterm/Projects/Java/SwingGraphicsDeviceInfo/SwingGDIApp/target/classes:/home/fraterm/.m2/repository/junit/junit/4.11/junit-4.11.jar:/home/fraterm/.m2/repository/org/hamcrest/hamcrest-core/1.3/hamcrest-core-1.3.jar:"/>
    <property name="sun.cpu.endian" value="little"/>
    <property name="user.home" value="/home/fraterm"/>
    <property name="user.language" value="en"/>
    <property name="java.specification.vendor" value="Oracle Corporation"/>
    <property name="java.version.date" value="2023-07-18"/>
    <property name="java.home" value="/home/fraterm/.sdkman/candidates/java/17.0.8-tem"/>
    <property name="file.separator" value="/"/>
    <property name="basedir" value="/home/fraterm/Projects/Java/SwingGraphicsDeviceInfo/SwingGDIApp"/>
    <property name="java.vm.compressedOopsMode" value="Zero based"/>
    <property name="line.separator" value="&#10;"/>
    <property name="java.vm.specification.vendor" value="Oracle Corporation"/>
    <property name="java.specification.name" value="Java Platform API Specification"/>
    <property name="surefire.real.class.path" value="/home/fraterm/Projects/Java/SwingGraphicsDeviceInfo/SwingGDIApp/target/surefire/surefirebooter9781185068434278073.jar"/>
    <property name="sun.management.compiler" value="HotSpot 64-Bit Tiered Compilers"/>
    <property name="java.runtime.version" value="17.0.8+7"/>
    <property name="user.name" value="fraterm"/>
    <property name="path.separator" value=":"/>
    <property name="os.version" value="5.15.0-86-generic"/>
    <property name="java.runtime.name" value="OpenJDK Runtime Environment"/>
    <property name="file.encoding" value="UTF-8"/>
    <property name="java.vm.name" value="OpenJDK 64-Bit Server VM"/>
    <property name="java.vendor.version" value="Temurin-17.0.8+7"/>
    <property name="localRepository" value="/home/fraterm/.m2/repository"/>
    <property name="java.vendor.url.bug" value="https://github.com/adoptium/adoptium-support/issues"/>
    <property name="java.io.tmpdir" value="/tmp"/>
    <property name="java.version" value="17.0.8"/>
    <property name="user.dir" value="/home/fraterm/Projects/Java/SwingGraphicsDeviceInfo/SwingGDIApp"/>
    <property name="os.arch" value="amd64"/>
    <property name="java.vm.specification.name" value="Java Virtual Machine Specification"/>
    <property name="native.encoding" value="UTF-8"/>
    <property name="java.library.path" value="/usr/java/packages/lib:/usr/lib64:/lib64:/lib:/usr/lib"/>
    <property name="java.vm.info" value="mixed mode, sharing"/>
    <property name="java.vendor" value="Eclipse Adoptium"/>
    <property name="java.vm.version" value="17.0.8+7"/>
    <property name="sun.io.unicode.encoding" value="UnicodeLittle"/>
    <property name="java.class.version" value="61.0"/>
  </properties>
  <testcase name="shouldAnswerWithTrue" classname="SwingGDIApp.src.test.java.net.approachzero.app.SwingGDIAppTest" time="0.001"/>
</testsuite>